<?xml version="1.0" encoding="UTF-8"?>
<!-- Generated by org.testng.reporters.JUnitReportReporter -->
<testsuite hostname="DESKTOP-GL27Q22" failures="0" tests="1" name="Pom.TestCaseRepo.Createcmpeign" time="22.929" errors="0" timestamp="2021-04-23T18:24:19 IST" skipped="0">
  <testcase classname="Pom.TestCaseRepo.Createcmpeign" name="samplecampgn" time="22.929"/>
  <system-out/>
</testsuite> <!-- Pom.TestCaseRepo.Createcmpeign -->
